<?xml version="1.0" encoding="UTF-8"?>
<!-- Generated by org.testng.reporters.JUnitReportReporter -->
<testsuite hostname="DESKTOP-A2R8RVN" failures="0" tests="4" name="ExcelFileDataprovide.ExcelFileDataprovide" time="55.119" errors="0" timestamp="2023-09-14T02:52:23 BDT" skipped="0">
  <testcase classname="ExcelFileDataprovide.ExcelFileDataprovide" name="TestLogin" time="13.833"/>
  <system-out/>
  <testcase classname="ExcelFileDataprovide.ExcelFileDataprovide" name="TestLogin" time="13.386"/>
  <system-out/>
  <testcase classname="ExcelFileDataprovide.ExcelFileDataprovide" name="TestLogin" time="13.283"/>
  <system-out/>
  <testcase classname="ExcelFileDataprovide.ExcelFileDataprovide" name="TestLogin" time="14.617"/>
  <system-out/>
</testsuite> <!-- ExcelFileDataprovide.ExcelFileDataprovide -->
